<?xml version="1.0" encoding="UTF-8"?>
<!-- Generated by org.testng.reporters.JUnitReportReporter -->
<testsuite skipped="0" hostname="DESKTOP-ML9MQ65" name="vodafone.automationTask.UserLoginTest" tests="1" failures="0" timestamp="2020-08-25T13:30:38 EET" time="4.241" errors="0">
  <testcase name="userLoginSuccessfully" time="4.241" classname="vodafone.automationTask.UserLoginTest"/>
  <system-out/>
</testsuite> <!-- vodafone.automationTask.UserLoginTest -->
